2020-08-21 22:17:14,724 [pool-7-IoTDB-RPC-Client-thread-1] ERROR org.apache.iotdb.db.service.TSServiceImpl:637 - IoTDB: Internal server error:  
org.apache.iotdb.tsfile.exception.filter.StatisticsClassException: Statistics classes mismatched: class org.apache.iotdb.tsfile.file.metadata.statistics.IntegerStatistics vs. class org.apache.iotdb.tsfile.file.metadata.statistics.BooleanStatistics
        at org.apache.iotdb.tsfile.file.metadata.statistics.Statistics.mergeStatistics(Statistics.java:164)
        at org.apache.iotdb.db.engine.storagegroup.TsFileResource.generateTimeSeriesMetadata(TsFileResource.java:228)
        at org.apache.iotdb.db.engine.storagegroup.TsFileResource.<init>(TsFileResource.java:207)
        at org.apache.iotdb.db.engine.storagegroup.TsFileProcessor.query(TsFileProcessor.java:1061)
        at org.apache.iotdb.db.engine.storagegroup.StorageGroupProcessor.getFileResourceListForQuery(StorageGroupProcessor.java:1400)
        at org.apache.iotdb.db.engine.storagegroup.StorageGroupProcessor.query(StorageGroupProcessor.java:1342)
        at org.apache.iotdb.db.engine.StorageEngine.query(StorageEngine.java:453)
        at org.apache.iotdb.db.query.control.QueryResourceManager.getQueryDataSource(QueryResourceManager.java:122)
        at org.apache.iotdb.db.query.executor.RawDataQueryExecutor.initManagedSeriesReader(RawDataQueryExecutor.java:102)
        at org.apache.iotdb.db.query.executor.RawDataQueryExecutor.executeWithoutValueFilter(RawDataQueryExecutor.java:70)
        at org.apache.iotdb.db.query.executor.QueryRouter.rawDataQuery(QueryRouter.java:80)
        at org.apache.iotdb.db.qp.executor.PlanExecutor.processDataQuery(PlanExecutor.java:339)
        at org.apache.iotdb.db.qp.executor.PlanExecutor.processQuery(PlanExecutor.java:172)
        at org.apache.iotdb.db.service.TSServiceImpl.createQueryDataSet(TSServiceImpl.java:982)
        at org.apache.iotdb.db.service.TSServiceImpl.internalExecuteQueryStatement(TSServiceImpl.java:602)
        at org.apache.iotdb.db.service.TSServiceImpl.executeStatement(TSServiceImpl.java:482)
        at org.apache.iotdb.service.rpc.thrift.TSIService$Processor$executeStatement.getResult(TSIService.java:2073)
        at org.apache.iotdb.service.rpc.thrift.TSIService$Processor$executeStatement.getResult(TSIService.java:2053)
        at org.apache.thrift.ProcessFunction.process(ProcessFunction.java:38)
        at org.apache.thrift.TBaseProcessor.process(TBaseProcessor.java:38)
        at org.apache.thrift.server.TThreadPoolServer$WorkerProcess.run(TThreadPoolServer.java:313)
        at java.util.concurrent.ThreadPoolExecutor.runWorker(ThreadPoolExecutor.java:1149)
        at java.util.concurrent.ThreadPoolExecutor$Worker.run(ThreadPoolExecutor.java:624)
        at java.lang.Thread.run(Thread.java:748)
